<?xml version="1.0" encoding="UTF-8"?>
<!-- Generated by org.testng.reporters.JUnitReportReporter -->
<testsuite skipped="0" hostname="JunParks-PC" name="com.jun.helloworld.StoringMessageUsingJPATest" tests="1" failures="0" timestamp="2021-10-09T01:30:42 AEDT" time="1.615" errors="0">
  <testcase name="storeLoadMessage" time="1.615" classname="com.jun.helloworld.StoringMessageUsingJPATest"/>
  <system-out/>
</testsuite> <!-- com.jun.helloworld.StoringMessageUsingJPATest -->
